Using pre-set license
Built from '2020.3/release' branch; Version is '2020.3.1f1 (77a89f25062f) revision 7841951'; Using compiler version '192528614'; Build Type 'Release'
OS: 'Windows 10 Home; OS build 19042.867; Version 2009; 64bit' Language: 'en' Physical Memory: 16250 MB
BatchMode: 1, IsHumanControllingUs: 0, StartBugReporterOnCrash: 0, Is64bit: 1, IsPro: 0

 COMMAND LINE ARGUMENTS:
C:\Program Files\Unity\Hub\Editor\2020.3.1f1\Editor\Unity.exe
-adb2
-batchMode
-noUpm
-name
AssetImportWorker0
-projectPath
C:/Users/rossk/CIS380/Fireball
-logFile
Logs/AssetImportWorker0.log
-srvPort
60426
Successfully changed project path to: C:/Users/rossk/CIS380/Fireball
C:/Users/rossk/CIS380/Fireball
Using Asset Import Pipeline V2.
Refreshing native plugins compatible for Editor in 48.81 ms, found 1 plugins.
Preloading 0 native plugins for Editor in 0.00 ms.
Initialize engine version: 2020.3.1f1 (77a89f25062f)
[Subsystems] Discovering subsystems at path C:/Program Files/Unity/Hub/Editor/2020.3.1f1/Editor/Data/Resources/UnitySubsystems
[Subsystems] Discovering subsystems at path C:/Users/rossk/CIS380/Fireball/Assets
GfxDevice: creating device client; threaded=0
Direct3D:
    Version:  Direct3D 11.0 [level 11.1]
    Renderer: NVIDIA GeForce GTX 1050 Ti (ID=0x1c8c)
    Vendor:   
    VRAM:     4018 MB
    Driver:   27.21.14.6172
Initialize mono
Mono path[0] = 'C:/Program Files/Unity/Hub/Editor/2020.3.1f1/Editor/Data/Managed'
Mono path[1] = 'C:/Program Files/Unity/Hub/Editor/2020.3.1f1/Editor/Data/MonoBleedingEdge/lib/mono/unityjit'
Mono config path = 'C:/Program Files/Unity/Hub/Editor/2020.3.1f1/Editor/Data/MonoBleedingEdge/etc'
Using monoOptions --debugger-agent=transport=dt_socket,embedding=1,server=y,suspend=n,address=127.0.0.1:56524
Begin MonoManager ReloadAssembly
Registering precompiled unity dll's ...
Register platform support module: C:/Program Files/Unity/Hub/Editor/2020.3.1f1/Editor/Data/PlaybackEngines/WindowsStandaloneSupport/UnityEditor.WindowsStandalone.Extensions.dll
Registered in 0.002284 seconds.
Native extension for WindowsStandalone target not found
Refreshing native plugins compatible for Editor in 54.63 ms, found 1 plugins.
Preloading 0 native plugins for Editor in 0.00 ms.
Invoked RoslynAnalysisRunner static constructor.
RoslynAnalysisRunner will not be running.
RoslynAnalysisRunner has terminated.
Mono: successfully reloaded assembly
- Completed reload, in  1.407 seconds
Platform modules already initialized, skipping
Registering precompiled user dll's ...
Registered in 0.001117 seconds.
Begin MonoManager ReloadAssembly
Native extension for WindowsStandalone target not found
Refreshing native plugins compatible for Editor in 49.23 ms, found 1 plugins.
Preloading 0 native plugins for Editor in 0.00 ms.
Invoked RoslynAnalysisRunner static constructor.
RoslynAnalysisRunner will not be running.
RoslynAnalysisRunner has terminated.
Mono: successfully reloaded assembly
- Completed reload, in  1.560 seconds
Platform modules already initialized, skipping
========================================================================
Worker process is ready to serve import requests
Launched and connected shader compiler UnityShaderCompiler.exe after 0.06 seconds
Refreshing native plugins compatible for Editor in 0.35 ms, found 1 plugins.
Preloading 0 native plugins for Editor in 0.00 ms.
Unloading 1808 Unused Serialized files (Serialized files now loaded: 0)
System memory in use before: 84.6 MB.
System memory in use after: 84.6 MB.

Unloading 24 unused Assets to reduce memory usage. Loaded Objects now: 2250.
Total: 2.591600 ms (FindLiveObjects: 0.223000 ms CreateObjectMapping: 0.141100 ms MarkObjects: 2.047300 ms  DeleteObjects: 0.179000 ms)

========================================================================
Received Import Request.
  path: Assets/Wizard - 2D Character/Sprites/Square.png
  artifactKey: Guid(6c8a9b485bd490c4d8f67a2b1c80629e) Importer(815301076,1909f56bfc062723c751e8b465ee728b)
Start importing Assets/Wizard - 2D Character/Sprites/Square.png using Guid(6c8a9b485bd490c4d8f67a2b1c80629e) Importer(815301076,1909f56bfc062723c751e8b465ee728b)  -> (artifact id: '47f151cb2f294b54f1e54e280cb0911e') in 0.180010 seconds
  Import took 0.184149 seconds .

========================================================================
Received Import Request.
  Time since last request: 0.000269 seconds.
  path: Assets/Wizard - 2D Character/Sprites/Skeletal.psb
  artifactKey: Guid(dde2588f5e0bc7b4ab407c1ae99bd5c1) Importer(815301076,1909f56bfc062723c751e8b465ee728b)
Start importing Assets/Wizard - 2D Character/Sprites/Skeletal.psb using Guid(dde2588f5e0bc7b4ab407c1ae99bd5c1) Importer(815301076,1909f56bfc062723c751e8b465ee728b)  -> (artifact id: '934aef422e77280f11283baffb57b1f5') in 0.250010 seconds
  Import took 0.254463 seconds .

========================================================================
Received Import Request.
  Time since last request: 297.555667 seconds.
  path: Assets/2D Zombie/Spine2D Animations Exports/Zombie_Normal.png
  artifactKey: Guid(98fa05f8e08cc6b499db8b5df5cc3b3a) Importer(815301076,1909f56bfc062723c751e8b465ee728b)
Start importing Assets/2D Zombie/Spine2D Animations Exports/Zombie_Normal.png using Guid(98fa05f8e08cc6b499db8b5df5cc3b3a) Importer(815301076,1909f56bfc062723c751e8b465ee728b)  -> (artifact id: '976ad3c9dc42e0ca18df02f663fb45a4') in 0.024403 seconds
  Import took 0.029714 seconds .

========================================================================
Received Import Request.
  Time since last request: 1.341489 seconds.
  path: Assets/2D Zombie/Unity Native Animations/Zombie_Normal.png
  artifactKey: Guid(1d44309ecdaa8244eb75229d95f7b1ed) Importer(815301076,1909f56bfc062723c751e8b465ee728b)
Start importing Assets/2D Zombie/Unity Native Animations/Zombie_Normal.png using Guid(1d44309ecdaa8244eb75229d95f7b1ed) Importer(815301076,1909f56bfc062723c751e8b465ee728b)  -> (artifact id: '4b37f4bb57583009e226f26965eb52b0') in 0.024026 seconds
  Import took 0.027303 seconds .

========================================================================
Received Import Request.
  Time since last request: 0.000303 seconds.
  path: Assets/2D Zombie/Unity Native Animations/Zombie_Normal_Atlas.asset
  artifactKey: Guid(cc0fbd8d5bf72d64ea33da86355fe557) Importer(815301076,1909f56bfc062723c751e8b465ee728b)
Start importing Assets/2D Zombie/Unity Native Animations/Zombie_Normal_Atlas.asset using Guid(cc0fbd8d5bf72d64ea33da86355fe557) Importer(815301076,1909f56bfc062723c751e8b465ee728b)  -> (artifact id: '250c031c6af1496f478c84c038f0feb2') in 0.011195 seconds
  Import took 0.015197 seconds .

========================================================================
Received Import Request.
  Time since last request: 0.000293 seconds.
  path: Assets/2D Zombie/Unity Native Animations/Zombie_Normal_Material.mat
  artifactKey: Guid(97d2e373d7c7c6e41b5aa688e9f85c85) Importer(815301076,1909f56bfc062723c751e8b465ee728b)
Start importing Assets/2D Zombie/Unity Native Animations/Zombie_Normal_Material.mat using Guid(97d2e373d7c7c6e41b5aa688e9f85c85) Importer(815301076,1909f56bfc062723c751e8b465ee728b)  -> (artifact id: '5f989695fcecdb44fa94cf79902bc100') in 0.061412 seconds
  Import took 0.065728 seconds .

========================================================================
Received Import Request.
  Time since last request: 0.000256 seconds.
  path: Assets/2D Zombie/Unity Native Animations/Zombie_Normal_SkeletonData.asset
  artifactKey: Guid(1acea0dfe92c6fe48ab7537f5e155584) Importer(815301076,1909f56bfc062723c751e8b465ee728b)
Start importing Assets/2D Zombie/Unity Native Animations/Zombie_Normal_SkeletonData.asset using Guid(1acea0dfe92c6fe48ab7537f5e155584) Importer(815301076,1909f56bfc062723c751e8b465ee728b)  -> (artifact id: 'dc3cd60bcbcd578dc5c586a1d81bd198') in 0.009689 seconds
  Import took 0.012967 seconds .

========================================================================
Received Import Request.
  Time since last request: 8.686906 seconds.
  path: Assets/2D Zombie/Unity Native Animations/Baked/Zombie_Normal (default).prefab
  artifactKey: Guid(df083ad502d97fc4d85f4c95d686c40e) Importer(815301076,1909f56bfc062723c751e8b465ee728b)
Start importing Assets/2D Zombie/Unity Native Animations/Baked/Zombie_Normal (default).prefab using Guid(df083ad502d97fc4d85f4c95d686c40e) Importer(815301076,1909f56bfc062723c751e8b465ee728b)  -> (artifact id: 'da94d0dc7fe7cfa83a2ea2dcae855a78') in 0.945169 seconds
  Import took 0.950630 seconds .

========================================================================
Received Import Request.
  Time since last request: 728.102174 seconds.
  path: Assets/Nature_pixel_art_assets/Prefabs/Nature_props/Nature_props_01.prefab
  artifactKey: Guid(e45c9aed6bafa964782c6325956f228f) Importer(815301076,1909f56bfc062723c751e8b465ee728b)
Start importing Assets/Nature_pixel_art_assets/Prefabs/Nature_props/Nature_props_01.prefab using Guid(e45c9aed6bafa964782c6325956f228f) Importer(815301076,1909f56bfc062723c751e8b465ee728b)  -> (artifact id: '46d75e632583105c232c8bf2f49dafdf') in 0.024776 seconds
  Import took 0.028787 seconds .

========================================================================
Received Import Request.
  Time since last request: 0.000364 seconds.
  path: Assets/Nature_pixel_art_assets/Prefabs/Nature_props/Nature_props_28.prefab
  artifactKey: Guid(c60e10becc91cdc488b6f96b7aacf54a) Importer(815301076,1909f56bfc062723c751e8b465ee728b)
Start importing Assets/Nature_pixel_art_assets/Prefabs/Nature_props/Nature_props_28.prefab using Guid(c60e10becc91cdc488b6f96b7aacf54a) Importer(815301076,1909f56bfc062723c751e8b465ee728b)  -> (artifact id: '93fba6229c135f1f27289f76a85eefea') in 0.024848 seconds
  Import took 0.028653 seconds .

========================================================================
Received Import Request.
  Time since last request: 0.000277 seconds.
  path: Assets/Nature_pixel_art_assets/Prefabs/Nature_props/Nature_props_05.prefab
  artifactKey: Guid(77c0e2e550619d74592a6882db6d033d) Importer(815301076,1909f56bfc062723c751e8b465ee728b)
Start importing Assets/Nature_pixel_art_assets/Prefabs/Nature_props/Nature_props_05.prefab using Guid(77c0e2e550619d74592a6882db6d033d) Importer(815301076,1909f56bfc062723c751e8b465ee728b)  -> (artifact id: '2e5933e38b723bcd93b21763127e8660') in 0.026537 seconds
  Import took 0.031170 seconds .

========================================================================
Received Import Request.
  Time since last request: 0.000365 seconds.
  path: Assets/Nature_pixel_art_assets/Prefabs/Nature_props/Nature_props_30.prefab
  artifactKey: Guid(abf0bc9c105690d4c87552b83f28a432) Importer(815301076,1909f56bfc062723c751e8b465ee728b)
Start importing Assets/Nature_pixel_art_assets/Prefabs/Nature_props/Nature_props_30.prefab using Guid(abf0bc9c105690d4c87552b83f28a432) Importer(815301076,1909f56bfc062723c751e8b465ee728b)  -> (artifact id: '6df73e0d28740181d2a5291df2d3c940') in 0.026260 seconds
  Import took 0.029858 seconds .

========================================================================
Received Import Request.
  Time since last request: 0.000322 seconds.
  path: Assets/Nature_pixel_art_assets/Prefabs/Nature_props/Nature_props_08.prefab
  artifactKey: Guid(be973aab1705b594aa401a7d08cb2198) Importer(815301076,1909f56bfc062723c751e8b465ee728b)
Start importing Assets/Nature_pixel_art_assets/Prefabs/Nature_props/Nature_props_08.prefab using Guid(be973aab1705b594aa401a7d08cb2198) Importer(815301076,1909f56bfc062723c751e8b465ee728b)  -> (artifact id: '7aed90caf24a2fcecf10a954f1927cb6') in 0.026534 seconds
  Import took 0.030648 seconds .

========================================================================
Received Import Request.
  Time since last request: 0.000310 seconds.
  path: Assets/Nature_pixel_art_assets/Prefabs/Nature_props/Nature_props_13.prefab
  artifactKey: Guid(527cab527cab11b46bec512eb84237e3) Importer(815301076,1909f56bfc062723c751e8b465ee728b)
Start importing Assets/Nature_pixel_art_assets/Prefabs/Nature_props/Nature_props_13.prefab using Guid(527cab527cab11b46bec512eb84237e3) Importer(815301076,1909f56bfc062723c751e8b465ee728b)  -> (artifact id: '3e0d8c9aa5fe0907043023f4486fb378') in 0.023115 seconds
  Import took 0.027852 seconds .

========================================================================
Received Import Request.
  Time since last request: 0.000320 seconds.
  path: Assets/Nature_pixel_art_assets/Prefabs/Nature_props/Nature_props_22.prefab
  artifactKey: Guid(79569ca2af2aefb4eb1d1819e98bf3e3) Importer(815301076,1909f56bfc062723c751e8b465ee728b)
Start importing Assets/Nature_pixel_art_assets/Prefabs/Nature_props/Nature_props_22.prefab using Guid(79569ca2af2aefb4eb1d1819e98bf3e3) Importer(815301076,1909f56bfc062723c751e8b465ee728b)  -> (artifact id: 'cfa3abe1ec4e4e4f1e09e9e3bd8d4361') in 0.026032 seconds
  Import took 0.030556 seconds .

========================================================================
Received Import Request.
  Time since last request: 0.000260 seconds.
  path: Assets/Nature_pixel_art_assets/Prefabs/Nature_props/Nature_props_04.prefab
  artifactKey: Guid(b03b2a5438f49b04db8ec8b2dcc8316c) Importer(815301076,1909f56bfc062723c751e8b465ee728b)
Start importing Assets/Nature_pixel_art_assets/Prefabs/Nature_props/Nature_props_04.prefab using Guid(b03b2a5438f49b04db8ec8b2dcc8316c) Importer(815301076,1909f56bfc062723c751e8b465ee728b)  -> (artifact id: '261114c63726b21da7d1bc2d0f9fc203') in 0.026280 seconds
  Import took 0.031151 seconds .

========================================================================
Received Import Request.
  Time since last request: 0.000414 seconds.
  path: Assets/Nature_pixel_art_assets/Prefabs/Nature_props/Nature_props_31.prefab
  artifactKey: Guid(f802a960462afea4bbce60e223b448f3) Importer(815301076,1909f56bfc062723c751e8b465ee728b)
Start importing Assets/Nature_pixel_art_assets/Prefabs/Nature_props/Nature_props_31.prefab using Guid(f802a960462afea4bbce60e223b448f3) Importer(815301076,1909f56bfc062723c751e8b465ee728b)  -> (artifact id: '1348146b2e65185d8fd6f2ed6d813fa8') in 0.025240 seconds
  Import took 0.029881 seconds .

========================================================================
Received Import Request.
  Time since last request: 0.000301 seconds.
  path: Assets/Nature_pixel_art_assets/Prefabs/Nature_props/Nature_props_25.prefab
  artifactKey: Guid(d26f07b6b8619784cacddf6eb54abb9a) Importer(815301076,1909f56bfc062723c751e8b465ee728b)
Start importing Assets/Nature_pixel_art_assets/Prefabs/Nature_props/Nature_props_25.prefab using Guid(d26f07b6b8619784cacddf6eb54abb9a) Importer(815301076,1909f56bfc062723c751e8b465ee728b)  -> (artifact id: 'b5ac73ac886dfc5863aad5cb56ab42ec') in 0.023358 seconds
  Import took 0.027571 seconds .

========================================================================
Received Import Request.
  Time since last request: 0.000336 seconds.
  path: Assets/Nature_pixel_art_assets/Prefabs/Nature_props/Nature_props_29.prefab
  artifactKey: Guid(11a6e0e2923a1cd4d98fca27f87aea01) Importer(815301076,1909f56bfc062723c751e8b465ee728b)
Start importing Assets/Nature_pixel_art_assets/Prefabs/Nature_props/Nature_props_29.prefab using Guid(11a6e0e2923a1cd4d98fca27f87aea01) Importer(815301076,1909f56bfc062723c751e8b465ee728b)  -> (artifact id: 'cc041152dc2232cd853aa3d4bf284633') in 0.023751 seconds
  Import took 0.027913 seconds .

========================================================================
Received Import Request.
  Time since last request: 0.000236 seconds.
  path: Assets/Nature_pixel_art_assets/Prefabs/Nature_props/Nature_props_32.prefab
  artifactKey: Guid(982283eb324406648881132bc4ba92b1) Importer(815301076,1909f56bfc062723c751e8b465ee728b)
Start importing Assets/Nature_pixel_art_assets/Prefabs/Nature_props/Nature_props_32.prefab using Guid(982283eb324406648881132bc4ba92b1) Importer(815301076,1909f56bfc062723c751e8b465ee728b)  -> (artifact id: 'e0285b62df62ddd867ad5d60660eb034') in 0.021414 seconds
  Import took 0.025657 seconds .

========================================================================
Received Import Request.
  Time since last request: 0.000396 seconds.
  path: Assets/Nature_pixel_art_assets/Prefabs/Nature_props/Nature_props_09.prefab
  artifactKey: Guid(f3efe889a0e3f30479c4ec00226829f9) Importer(815301076,1909f56bfc062723c751e8b465ee728b)
Start importing Assets/Nature_pixel_art_assets/Prefabs/Nature_props/Nature_props_09.prefab using Guid(f3efe889a0e3f30479c4ec00226829f9) Importer(815301076,1909f56bfc062723c751e8b465ee728b)  -> (artifact id: '8fefb31694d11a5d66e2d422a86a990b') in 0.021508 seconds
  Import took 0.025683 seconds .

========================================================================
Received Import Request.
  Time since last request: 0.000382 seconds.
  path: Assets/Nature_pixel_art_assets/Prefabs/Nature_props/Nature_props_33.prefab
  artifactKey: Guid(ddb716f4f4916bd49acf599e99be7b37) Importer(815301076,1909f56bfc062723c751e8b465ee728b)
Start importing Assets/Nature_pixel_art_assets/Prefabs/Nature_props/Nature_props_33.prefab using Guid(ddb716f4f4916bd49acf599e99be7b37) Importer(815301076,1909f56bfc062723c751e8b465ee728b)  -> (artifact id: '8695c6aea4bd36bef79dc246969ec4fc') in 0.022187 seconds
  Import took 0.026064 seconds .

========================================================================
Received Import Request.
  Time since last request: 0.000329 seconds.
  path: Assets/Nature_pixel_art_assets/Prefabs/Nature_props/Nature_props_35.prefab
  artifactKey: Guid(caf668abd5a39ed40b31a5bf64d019ed) Importer(815301076,1909f56bfc062723c751e8b465ee728b)
Start importing Assets/Nature_pixel_art_assets/Prefabs/Nature_props/Nature_props_35.prefab using Guid(caf668abd5a39ed40b31a5bf64d019ed) Importer(815301076,1909f56bfc062723c751e8b465ee728b)  -> (artifact id: '51ebdd28bf9343ab6c587b40e7bbc8e0') in 0.023682 seconds
  Import took 0.027547 seconds .

========================================================================
Received Import Request.
  Time since last request: 0.000292 seconds.
  path: Assets/Nature_pixel_art_assets/Prefabs/Nature_props/Nature_props_12.prefab
  artifactKey: Guid(57dc346d5f7d5fd40b8dbb439a6b62ab) Importer(815301076,1909f56bfc062723c751e8b465ee728b)
Start importing Assets/Nature_pixel_art_assets/Prefabs/Nature_props/Nature_props_12.prefab using Guid(57dc346d5f7d5fd40b8dbb439a6b62ab) Importer(815301076,1909f56bfc062723c751e8b465ee728b)  -> (artifact id: 'b99aa550b916d148a5eae0b9101b8eb8') in 0.023780 seconds
  Import took 0.027414 seconds .

========================================================================
Received Import Request.
  Time since last request: 0.000311 seconds.
  path: Assets/Nature_pixel_art_assets/Prefabs/Nature_props/Nature_props_18.prefab
  artifactKey: Guid(efbbc1a7890bb6044a8fa67db33f6ade) Importer(815301076,1909f56bfc062723c751e8b465ee728b)
Start importing Assets/Nature_pixel_art_assets/Prefabs/Nature_props/Nature_props_18.prefab using Guid(efbbc1a7890bb6044a8fa67db33f6ade) Importer(815301076,1909f56bfc062723c751e8b465ee728b)  -> (artifact id: '752c4d52d7434bdd16b0e5dc344dc965') in 0.027485 seconds
  Import took 0.031045 seconds .

========================================================================
Received Import Request.
  Time since last request: 0.000417 seconds.
  path: Assets/Nature_pixel_art_assets/Prefabs/Nature_props/Nature_props_17.prefab
  artifactKey: Guid(20b4923008369ef4883c3ccd4a040d1e) Importer(815301076,1909f56bfc062723c751e8b465ee728b)
Start importing Assets/Nature_pixel_art_assets/Prefabs/Nature_props/Nature_props_17.prefab using Guid(20b4923008369ef4883c3ccd4a040d1e) Importer(815301076,1909f56bfc062723c751e8b465ee728b)  -> (artifact id: '829ddaa31d698d9b79a3baa2feefc6ec') in 0.025211 seconds
  Import took 0.028240 seconds .

========================================================================
Received Import Request.
  Time since last request: 0.000305 seconds.
  path: Assets/Nature_pixel_art_assets/Prefabs/Nature_props/Nature_props_19.prefab
  artifactKey: Guid(f72335d0f97cbdd4abec38471223522a) Importer(815301076,1909f56bfc062723c751e8b465ee728b)
Start importing Assets/Nature_pixel_art_assets/Prefabs/Nature_props/Nature_props_19.prefab using Guid(f72335d0f97cbdd4abec38471223522a) Importer(815301076,1909f56bfc062723c751e8b465ee728b)  -> (artifact id: 'db7fbb0aa9a95cc652cadf329c8b6eb9') in 0.023011 seconds
  Import took 0.026703 seconds .

========================================================================
Received Import Request.
  Time since last request: 0.000266 seconds.
  path: Assets/Nature_pixel_art_assets/Prefabs/Nature_props/Nature_props_23.prefab
  artifactKey: Guid(b44a0eea649a1c045bcf8888f8f81050) Importer(815301076,1909f56bfc062723c751e8b465ee728b)
Start importing Assets/Nature_pixel_art_assets/Prefabs/Nature_props/Nature_props_23.prefab using Guid(b44a0eea649a1c045bcf8888f8f81050) Importer(815301076,1909f56bfc062723c751e8b465ee728b)  -> (artifact id: '3bb716d2355f75b87842cd907554f487') in 0.021952 seconds
  Import took 0.025800 seconds .

========================================================================
Received Import Request.
  Time since last request: 0.000334 seconds.
  path: Assets/Nature_pixel_art_assets/Prefabs/Nature_props/Nature_props_07.prefab
  artifactKey: Guid(758b8713682e85f4180f6192cd0210fe) Importer(815301076,1909f56bfc062723c751e8b465ee728b)
Start importing Assets/Nature_pixel_art_assets/Prefabs/Nature_props/Nature_props_07.prefab using Guid(758b8713682e85f4180f6192cd0210fe) Importer(815301076,1909f56bfc062723c751e8b465ee728b)  -> (artifact id: 'e1391eaa4c9e86142716bf94cb0dab55') in 0.023281 seconds
  Import took 0.027781 seconds .

========================================================================
Received Import Request.
  Time since last request: 0.000366 seconds.
  path: Assets/Nature_pixel_art_assets/Prefabs/Nature_props/Nature_props_20.prefab
  artifactKey: Guid(36eefd045905ea840940e9553e42ce8c) Importer(815301076,1909f56bfc062723c751e8b465ee728b)
Start importing Assets/Nature_pixel_art_assets/Prefabs/Nature_props/Nature_props_20.prefab using Guid(36eefd045905ea840940e9553e42ce8c) Importer(815301076,1909f56bfc062723c751e8b465ee728b)  -> (artifact id: 'a9a16ae138e8be594e98ec278200ac07') in 0.025205 seconds
  Import took 0.029561 seconds .

========================================================================
Received Import Request.
  Time since last request: 0.000323 seconds.
  path: Assets/Nature_pixel_art_assets/Prefabs/Nature_props/Nature_props_02.prefab
  artifactKey: Guid(c1e4a038e33e0834f86741f54c51310b) Importer(815301076,1909f56bfc062723c751e8b465ee728b)
Start importing Assets/Nature_pixel_art_assets/Prefabs/Nature_props/Nature_props_02.prefab using Guid(c1e4a038e33e0834f86741f54c51310b) Importer(815301076,1909f56bfc062723c751e8b465ee728b)  -> (artifact id: '825ef076e9eb22c1c26facc26dbe11a7') in 0.020350 seconds
  Import took 0.024971 seconds .

========================================================================
Received Import Request.
  Time since last request: 0.000356 seconds.
  path: Assets/Nature_pixel_art_assets/Prefabs/Nature_props/Nature_props_39.prefab
  artifactKey: Guid(ff2321c1e30309840845d6def31b27d4) Importer(815301076,1909f56bfc062723c751e8b465ee728b)
Start importing Assets/Nature_pixel_art_assets/Prefabs/Nature_props/Nature_props_39.prefab using Guid(ff2321c1e30309840845d6def31b27d4) Importer(815301076,1909f56bfc062723c751e8b465ee728b)  -> (artifact id: '830b5baae723944d02dfd5bcdc7ce253') in 0.023316 seconds
  Import took 0.027050 seconds .

========================================================================
Received Import Request.
  Time since last request: 0.000265 seconds.
  path: Assets/Nature_pixel_art_assets/Prefabs/Nature_props/Nature_props_11.prefab
  artifactKey: Guid(6524230b94a7af4409d8c13b6474b3d1) Importer(815301076,1909f56bfc062723c751e8b465ee728b)
Start importing Assets/Nature_pixel_art_assets/Prefabs/Nature_props/Nature_props_11.prefab using Guid(6524230b94a7af4409d8c13b6474b3d1) Importer(815301076,1909f56bfc062723c751e8b465ee728b)  -> (artifact id: '36f3df84b5e946a4ff0d1fd0e342a3da') in 0.022445 seconds
  Import took 0.026392 seconds .

========================================================================
Received Import Request.
  Time since last request: 0.000267 seconds.
  path: Assets/Nature_pixel_art_assets/Prefabs/Nature_props/Nature_props_26.prefab
  artifactKey: Guid(efbde38838d036d49ab3d0ab4d323eae) Importer(815301076,1909f56bfc062723c751e8b465ee728b)
Start importing Assets/Nature_pixel_art_assets/Prefabs/Nature_props/Nature_props_26.prefab using Guid(efbde38838d036d49ab3d0ab4d323eae) Importer(815301076,1909f56bfc062723c751e8b465ee728b)  -> (artifact id: 'cb8f842d970b53077441b5c514ab1ef3') in 0.023361 seconds
  Import took 0.027364 seconds .

========================================================================
Received Import Request.
  Time since last request: 0.000413 seconds.
  path: Assets/Nature_pixel_art_assets/Prefabs/Nature_props/Nature_props_34.prefab
  artifactKey: Guid(6b13e8b5789585846a705035c6ad62cd) Importer(815301076,1909f56bfc062723c751e8b465ee728b)
Start importing Assets/Nature_pixel_art_assets/Prefabs/Nature_props/Nature_props_34.prefab using Guid(6b13e8b5789585846a705035c6ad62cd) Importer(815301076,1909f56bfc062723c751e8b465ee728b)  -> (artifact id: '197324edb0b9c6901a6feccae8e50d9e') in 0.023713 seconds
  Import took 0.027716 seconds .

========================================================================
Received Import Request.
  Time since last request: 0.000314 seconds.
  path: Assets/Nature_pixel_art_assets/Prefabs/Nature_props/Nature_props_14.prefab
  artifactKey: Guid(627b123d76dd42541b762a87c3ba8460) Importer(815301076,1909f56bfc062723c751e8b465ee728b)
Start importing Assets/Nature_pixel_art_assets/Prefabs/Nature_props/Nature_props_14.prefab using Guid(627b123d76dd42541b762a87c3ba8460) Importer(815301076,1909f56bfc062723c751e8b465ee728b)  -> (artifact id: '307cb770b28b5a774d7d25bb66b5f1ee') in 0.023619 seconds
  Import took 0.028257 seconds .

========================================================================
Received Import Request.
  Time since last request: 0.000402 seconds.
  path: Assets/Nature_pixel_art_assets/Prefabs/Nature_props/Nature_props_37.prefab
  artifactKey: Guid(ef7bc88c916e69648b8fd874020a9ea7) Importer(815301076,1909f56bfc062723c751e8b465ee728b)
Start importing Assets/Nature_pixel_art_assets/Prefabs/Nature_props/Nature_props_37.prefab using Guid(ef7bc88c916e69648b8fd874020a9ea7) Importer(815301076,1909f56bfc062723c751e8b465ee728b)  -> (artifact id: 'eafaa2ca6189db4e694ca9310873db70') in 0.026138 seconds
  Import took 0.031293 seconds .

========================================================================
Received Import Request.
  Time since last request: 0.000271 seconds.
  path: Assets/Nature_pixel_art_assets/Prefabs/Nature_props/Nature_props_27.prefab
  artifactKey: Guid(1753d53c838270d479ba970c43ad019b) Importer(815301076,1909f56bfc062723c751e8b465ee728b)
Start importing Assets/Nature_pixel_art_assets/Prefabs/Nature_props/Nature_props_27.prefab using Guid(1753d53c838270d479ba970c43ad019b) Importer(815301076,1909f56bfc062723c751e8b465ee728b)  -> (artifact id: '747d960df4cb8db3d330c437a8424801') in 0.022358 seconds
  Import took 0.026719 seconds .

========================================================================
Received Import Request.
  Time since last request: 0.000208 seconds.
  path: Assets/Nature_pixel_art_assets/Prefabs/Nature_props/Nature_props_21.prefab
  artifactKey: Guid(4dc93bd254f2c41479bfed68801a7bad) Importer(815301076,1909f56bfc062723c751e8b465ee728b)
Start importing Assets/Nature_pixel_art_assets/Prefabs/Nature_props/Nature_props_21.prefab using Guid(4dc93bd254f2c41479bfed68801a7bad) Importer(815301076,1909f56bfc062723c751e8b465ee728b)  -> (artifact id: '703863626bf073013ecf8312cb520c18') in 0.020920 seconds
  Import took 0.024736 seconds .

========================================================================
Received Import Request.
  Time since last request: 0.000210 seconds.
  path: Assets/Nature_pixel_art_assets/Prefabs/Nature_props/Nature_props_10.prefab
  artifactKey: Guid(10753226447896e44b12ebb13c411542) Importer(815301076,1909f56bfc062723c751e8b465ee728b)
Start importing Assets/Nature_pixel_art_assets/Prefabs/Nature_props/Nature_props_10.prefab using Guid(10753226447896e44b12ebb13c411542) Importer(815301076,1909f56bfc062723c751e8b465ee728b)  -> (artifact id: 'a38c002f5b704565b2512b911f494002') in 0.022448 seconds
  Import took 0.026770 seconds .

========================================================================
Received Import Request.
  Time since last request: 0.000232 seconds.
  path: Assets/Nature_pixel_art_assets/Prefabs/Nature_props/Nature_props_16.prefab
  artifactKey: Guid(05a512aa4c73d604892921f1d2a511e2) Importer(815301076,1909f56bfc062723c751e8b465ee728b)
Start importing Assets/Nature_pixel_art_assets/Prefabs/Nature_props/Nature_props_16.prefab using Guid(05a512aa4c73d604892921f1d2a511e2) Importer(815301076,1909f56bfc062723c751e8b465ee728b)  -> (artifact id: 'b89d9870c7c417d788825aae4b5a94f5') in 0.020753 seconds
  Import took 0.024178 seconds .

========================================================================
Received Import Request.
  Time since last request: 0.000187 seconds.
  path: Assets/Nature_pixel_art_assets/Prefabs/Nature_props/Nature_props_03.prefab
  artifactKey: Guid(45570b5f63ba4b64590574d72f44d18b) Importer(815301076,1909f56bfc062723c751e8b465ee728b)
Start importing Assets/Nature_pixel_art_assets/Prefabs/Nature_props/Nature_props_03.prefab using Guid(45570b5f63ba4b64590574d72f44d18b) Importer(815301076,1909f56bfc062723c751e8b465ee728b)  -> (artifact id: '83cdc2656ea686e7a1b7f2fa9ca24459') in 0.019992 seconds
  Import took 0.023360 seconds .

========================================================================
Received Import Request.
  Time since last request: 0.000209 seconds.
  path: Assets/Nature_pixel_art_assets/Prefabs/Nature_props/Nature_props_15.prefab
  artifactKey: Guid(486f42fcb063b4b4fa79b395c40825eb) Importer(815301076,1909f56bfc062723c751e8b465ee728b)
Start importing Assets/Nature_pixel_art_assets/Prefabs/Nature_props/Nature_props_15.prefab using Guid(486f42fcb063b4b4fa79b395c40825eb) Importer(815301076,1909f56bfc062723c751e8b465ee728b)  -> (artifact id: '7b6ac729ecd8ce9794985b98dba994d1') in 0.020266 seconds
  Import took 0.023579 seconds .

========================================================================
Received Import Request.
  Time since last request: 0.000198 seconds.
  path: Assets/Nature_pixel_art_assets/Prefabs/Nature_props/Nature_props_06.prefab
  artifactKey: Guid(ecba8dbba1cf5cf499ff7c730d1a58b9) Importer(815301076,1909f56bfc062723c751e8b465ee728b)
Start importing Assets/Nature_pixel_art_assets/Prefabs/Nature_props/Nature_props_06.prefab using Guid(ecba8dbba1cf5cf499ff7c730d1a58b9) Importer(815301076,1909f56bfc062723c751e8b465ee728b)  -> (artifact id: 'f0f41b33f4832544d1dc391b9e6ec877') in 0.020036 seconds
  Import took 0.023393 seconds .

========================================================================
Received Import Request.
  Time since last request: 0.000202 seconds.
  path: Assets/Nature_pixel_art_assets/Prefabs/Nature_props/Nature_props_40.prefab
  artifactKey: Guid(9605169b51151584eb216eb7cbbe78ec) Importer(815301076,1909f56bfc062723c751e8b465ee728b)
Start importing Assets/Nature_pixel_art_assets/Prefabs/Nature_props/Nature_props_40.prefab using Guid(9605169b51151584eb216eb7cbbe78ec) Importer(815301076,1909f56bfc062723c751e8b465ee728b)  -> (artifact id: '81f98799bcba2e18b4c26fefa25edc06') in 0.022566 seconds
  Import took 0.026041 seconds .

========================================================================
Received Import Request.
  Time since last request: 0.000241 seconds.
  path: Assets/Nature_pixel_art_assets/Prefabs/Nature_props/Nature_props_24.prefab
  artifactKey: Guid(a9d33771d2468d1449907d266d3b6d46) Importer(815301076,1909f56bfc062723c751e8b465ee728b)
Start importing Assets/Nature_pixel_art_assets/Prefabs/Nature_props/Nature_props_24.prefab using Guid(a9d33771d2468d1449907d266d3b6d46) Importer(815301076,1909f56bfc062723c751e8b465ee728b)  -> (artifact id: 'a45455d06e2e879ff5830568959c55ef') in 0.025308 seconds
  Import took 0.029667 seconds .

========================================================================
Received Import Request.
  Time since last request: 0.000243 seconds.
  path: Assets/Nature_pixel_art_assets/Prefabs/Nature_props/Nature_props_38.prefab
  artifactKey: Guid(c91193e0f75c73949bf7928ddd6cd517) Importer(815301076,1909f56bfc062723c751e8b465ee728b)
Start importing Assets/Nature_pixel_art_assets/Prefabs/Nature_props/Nature_props_38.prefab using Guid(c91193e0f75c73949bf7928ddd6cd517) Importer(815301076,1909f56bfc062723c751e8b465ee728b)  -> (artifact id: '8d8ee4a5f80c6216087f5ff53be1a89a') in 0.020682 seconds
  Import took 0.024384 seconds .

========================================================================
Received Import Request.
  Time since last request: 0.000194 seconds.
  path: Assets/Nature_pixel_art_assets/Prefabs/Nature_props/Nature_props_24.prefab
  artifactKey: Guid(a9d33771d2468d1449907d266d3b6d46) Importer(815301076,1909f56bfc062723c751e8b465ee728b)
Start importing Assets/Nature_pixel_art_assets/Prefabs/Nature_props/Nature_props_24.prefab using Guid(a9d33771d2468d1449907d266d3b6d46) Importer(815301076,1909f56bfc062723c751e8b465ee728b)  -> (artifact id: 'a45455d06e2e879ff5830568959c55ef') in 0.010879 seconds
  Import took 0.014049 seconds .

========================================================================
Received Import Request.
  Time since last request: 0.000210 seconds.
  path: Assets/Nature_pixel_art_assets/Prefabs/Nature_props/Nature_props_36.prefab
  artifactKey: Guid(63c74e18159d5cf4a8bce25adca0f18b) Importer(815301076,1909f56bfc062723c751e8b465ee728b)
Start importing Assets/Nature_pixel_art_assets/Prefabs/Nature_props/Nature_props_36.prefab using Guid(63c74e18159d5cf4a8bce25adca0f18b) Importer(815301076,1909f56bfc062723c751e8b465ee728b)  -> (artifact id: 'c7a064da2ac1a4dfba580a54fa5b2934') in 0.022655 seconds
  Import took 0.026535 seconds .

AssetImportWorkerClient::OnTransportError - code=2 error=End of file
