Using pre-set license
Built from '2020.3/release' branch; Version is '2020.3.1f1 (77a89f25062f) revision 7841951'; Using compiler version '192528614'; Build Type 'Release'
OS: 'Windows 10 Home; OS build 18363.1440; Version 1909; 64bit' Language: 'en' Physical Memory: 16186 MB
BatchMode: 1, IsHumanControllingUs: 0, StartBugReporterOnCrash: 0, Is64bit: 1, IsPro: 0

 COMMAND LINE ARGUMENTS:
C:\Program Files\Unity\Hub\Editor\2020.3.1f1\Editor\Unity.exe
-adb2
-batchMode
-noUpm
-name
AssetImportWorker6
-projectPath
D:/VSCode Projects/fixing/CIS380FinalGame/Fireball
-logFile
Logs/AssetImportWorker6.log
-srvPort
54485
Successfully changed project path to: D:/VSCode Projects/fixing/CIS380FinalGame/Fireball
D:/VSCode Projects/fixing/CIS380FinalGame/Fireball
Using Asset Import Pipeline V2.
Refreshing native plugins compatible for Editor in 33.02 ms, found 1 plugins.
Preloading 0 native plugins for Editor in 0.00 ms.
Initialize engine version: 2020.3.1f1 (77a89f25062f)
[Subsystems] Discovering subsystems at path C:/Program Files/Unity/Hub/Editor/2020.3.1f1/Editor/Data/Resources/UnitySubsystems
[Subsystems] Discovering subsystems at path D:/VSCode Projects/fixing/CIS380FinalGame/Fireball/Assets
GfxDevice: creating device client; threaded=0
Direct3D:
    Version:  Direct3D 11.0 [level 11.1]
    Renderer: NVIDIA GeForce RTX 2070 (ID=0x1f50)
    Vendor:   
    VRAM:     8031 MB
    Driver:   27.21.14.6172
Initialize mono
Mono path[0] = 'C:/Program Files/Unity/Hub/Editor/2020.3.1f1/Editor/Data/Managed'
Mono path[1] = 'C:/Program Files/Unity/Hub/Editor/2020.3.1f1/Editor/Data/MonoBleedingEdge/lib/mono/unityjit'
Mono config path = 'C:/Program Files/Unity/Hub/Editor/2020.3.1f1/Editor/Data/MonoBleedingEdge/etc'
Using monoOptions --debugger-agent=transport=dt_socket,embedding=1,server=y,suspend=n,address=127.0.0.1:56476
Begin MonoManager ReloadAssembly
Registering precompiled unity dll's ...
Register platform support module: C:/Program Files/Unity/Hub/Editor/2020.3.1f1/Editor/Data/PlaybackEngines/WindowsStandaloneSupport/UnityEditor.WindowsStandalone.Extensions.dll
Registered in 0.001315 seconds.
Native extension for WindowsStandalone target not found
Refreshing native plugins compatible for Editor in 31.52 ms, found 1 plugins.
Preloading 0 native plugins for Editor in 0.00 ms.
Invoked RoslynAnalysisRunner static constructor.
RoslynAnalysisRunner will not be running.
RoslynAnalysisRunner has terminated.
Mono: successfully reloaded assembly
- Completed reload, in  0.779 seconds
Platform modules already initialized, skipping
Registering precompiled user dll's ...
Registered in 0.000663 seconds.
Begin MonoManager ReloadAssembly
Symbol file data-0000020778917E10 doesn't match image D:\VSCode Projects\fixing\CIS380FinalGame\Fireball\Library\ScriptAssemblies\Unity.2D.Animation.Editor.dll
Symbol file LoadedFromMemory is not a mono symbol file
Symbol file data-0000020774AF4B90 doesn't match image D:\VSCode Projects\fixing\CIS380FinalGame\Fireball\Library\ScriptAssemblies\Unity.InternalAPIEngineBridge.001.dll
Symbol file LoadedFromMemory is not a mono symbol file
Symbol file data-0000020774C7AFE0 doesn't match image D:\VSCode Projects\fixing\CIS380FinalGame\Fireball\Library\ScriptAssemblies\Unity.VSCode.Editor.dll
Symbol file LoadedFromMemory is not a mono symbol file
Symbol file data-00000207748F2230 doesn't match image D:\VSCode Projects\fixing\CIS380FinalGame\Fireball\Library\ScriptAssemblies\Unity.2D.PixelPerfect.dll
Symbol file LoadedFromMemory is not a mono symbol file
Symbol file data-0000020774263940 doesn't match image D:\VSCode Projects\fixing\CIS380FinalGame\Fireball\Library\ScriptAssemblies\PsdPlugin.dll
Symbol file LoadedFromMemory is not a mono symbol file
Symbol file data-0000020779BF7060 doesn't match image D:\VSCode Projects\fixing\CIS380FinalGame\Fireball\Library\ScriptAssemblies\Unity.TextMeshPro.Editor.dll
Symbol file LoadedFromMemory is not a mono symbol file
Symbol file data-0000020779226020 doesn't match image D:\VSCode Projects\fixing\CIS380FinalGame\Fireball\Library\ScriptAssemblies\Unity.VisualStudio.Editor.dll
Symbol file LoadedFromMemory is not a mono symbol file
Symbol file data-0000020774263940 doesn't match image D:\VSCode Projects\fixing\CIS380FinalGame\Fireball\Library\ScriptAssemblies\UnityEngine.TestRunner.dll
Symbol file LoadedFromMemory is not a mono symbol file
Symbol file data-000002077894C020 doesn't match image D:\VSCode Projects\fixing\CIS380FinalGame\Fireball\Library\ScriptAssemblies\Unity.Timeline.dll
Symbol file LoadedFromMemory is not a mono symbol file
Symbol file data-00000207746C1010 doesn't match image D:\VSCode Projects\fixing\CIS380FinalGame\Fireball\Library\ScriptAssemblies\Unity.TextMeshPro.dll
Symbol file LoadedFromMemory is not a mono symbol file
Symbol file data-000002077A0C5F00 doesn't match image D:\VSCode Projects\fixing\CIS380FinalGame\Fireball\Library\ScriptAssemblies\UnityEditor.TestRunner.dll
Symbol file LoadedFromMemory is not a mono symbol file
Symbol file data-000002077424A300 doesn't match image D:\VSCode Projects\fixing\CIS380FinalGame\Fireball\Library\ScriptAssemblies\Unity.2D.IK.Editor.dll
Symbol file LoadedFromMemory is not a mono symbol file
Symbol file data-000002077881E420 doesn't match image D:\VSCode Projects\fixing\CIS380FinalGame\Fireball\Library\ScriptAssemblies\Unity.2D.Psdimporter.Editor.dll
Symbol file LoadedFromMemory is not a mono symbol file
Symbol file data-0000020774239C20 doesn't match image D:\VSCode Projects\fixing\CIS380FinalGame\Fireball\Library\ScriptAssemblies\Unity.2D.Path.Editor.dll
Symbol file LoadedFromMemory is not a mono symbol file
Symbol file data-00000207748B1240 doesn't match image D:\VSCode Projects\fixing\CIS380FinalGame\Fireball\Library\ScriptAssemblies\Unity.InternalAPIEditorBridge.001.dll
Symbol file LoadedFromMemory is not a mono symbol file
Symbol file data-000002077894C020 doesn't match image D:\VSCode Projects\fixing\CIS380FinalGame\Fireball\Library\ScriptAssemblies\Unity.Rider.Editor.dll
Symbol file LoadedFromMemory is not a mono symbol file
Symbol file data-0000020774B59010 doesn't match image D:\VSCode Projects\fixing\CIS380FinalGame\Fireball\Library\ScriptAssemblies\Unity.Mathematics.dll
Symbol file LoadedFromMemory is not a mono symbol file
Symbol file data-000002077A0D7310 doesn't match image D:\VSCode Projects\fixing\CIS380FinalGame\Fireball\Library\ScriptAssemblies\Unity.2D.IK.Runtime.dll
Symbol file LoadedFromMemory is not a mono symbol file
Symbol file data-0000020778994910 doesn't match image D:\VSCode Projects\fixing\CIS380FinalGame\Fireball\Library\ScriptAssemblies\Unity.2D.Animation.Triangle.Runtime.dll
Symbol file LoadedFromMemory is not a mono symbol file
Symbol file data-00000207747D8040 doesn't match image D:\VSCode Projects\fixing\CIS380FinalGame\Fireball\Library\ScriptAssemblies\Unity.2D.Animation.Runtime.dll
Symbol file LoadedFromMemory is not a mono symbol file
Symbol file data-00000207788246B0 doesn't match image D:\VSCode Projects\fixing\CIS380FinalGame\Fireball\Library\ScriptAssemblies\Unity.2D.PixelPerfect.Editor.dll
Symbol file LoadedFromMemory is not a mono symbol file
Symbol file data-0000020778D8D010 doesn't match image D:\VSCode Projects\fixing\CIS380FinalGame\Fireball\Library\ScriptAssemblies\Unity.Timeline.Editor.dll
Symbol file LoadedFromMemory is not a mono symbol file
Symbol file data-000002077894C020 doesn't match image D:\VSCode Projects\fixing\CIS380FinalGame\Fireball\Library\ScriptAssemblies\Unity.CollabProxy.Editor.dll
Symbol file LoadedFromMemory is not a mono symbol file
Symbol file data-0000020774693880 doesn't match image D:\VSCode Projects\fixing\CIS380FinalGame\Fireball\Library\ScriptAssemblies\Unity.Mathematics.Editor.dll
Symbol file LoadedFromMemory is not a mono symbol file
Symbol file data-00000207742CD7B0 doesn't match image D:\VSCode Projects\fixing\CIS380FinalGame\Fireball\Library\ScriptAssemblies\Unity.2D.Common.Runtime.dll
Symbol file LoadedFromMemory is not a mono symbol file
Symbol file data-0000020778951430 doesn't match image D:\VSCode Projects\fixing\CIS380FinalGame\Fireball\Library\ScriptAssemblies\Unity.2D.SpriteShape.Editor.dll
Symbol file LoadedFromMemory is not a mono symbol file
Symbol file data-00000207747918F0 doesn't match image D:\VSCode Projects\fixing\CIS380FinalGame\Fireball\Library\ScriptAssemblies\Unity.2D.Common.Editor.dll
Symbol file LoadedFromMemory is not a mono symbol file
Symbol file data-0000020779BF7060 doesn't match image D:\VSCode Projects\fixing\CIS380FinalGame\Fireball\Library\ScriptAssemblies\Unity.2D.SpriteShape.Runtime.dll
Symbol file LoadedFromMemory is not a mono symbol file
Native extension for WindowsStandalone target not found
Refreshing native plugins compatible for Editor in 33.07 ms, found 1 plugins.
Preloading 0 native plugins for Editor in 0.00 ms.
Invoked RoslynAnalysisRunner static constructor.
RoslynAnalysisRunner will not be running.
RoslynAnalysisRunner has terminated.
Mono: successfully reloaded assembly
- Completed reload, in  0.762 seconds
Platform modules already initialized, skipping
AssetImportWorkerClient::OnTransportError - code=10060 error=A connection attempt failed because the connected party did not properly respond after a period of time, or established connection failed because connected host has failed to respond.
